#
# There is insufficient memory for the Java Runtime Environment to continue.
# Native memory allocation (malloc) failed to allocate 1048576 bytes for AllocateHeap
# Possible reasons:
#   The system is out of physical RAM or swap space
#   In 32 bit mode, the process size limit was hit
# Possible solutions:
#   Reduce memory load on the system
#   Increase physical memory or swap space
#   Check if swap backing store is full
#   Use 64 bit Java on a 64 bit OS
#   Decrease Java heap size (-Xmx/-Xms)
#   Decrease number of Java threads
#   Decrease Java thread stack sizes (-Xss)
#   Set larger code cache with -XX:ReservedCodeCacheSize=
# This output file may be truncated or incomplete.
#
#  Out of Memory Error (memory/allocation.inline.hpp:61), pid=804, tid=0x0000000000000c30
#
# JRE version:  (8.0_181-b13) (build )
# Java VM: Java HotSpot(TM) 64-Bit Server VM (25.181-b13 mixed mode windows-amd64 compressed oops)
# Failed to write core dump. Minidumps are not enabled by default on client versions of Windows
#

---------------  T H R E A D  ---------------

Current thread (0x0000000002ace800):  JavaThread "Unknown thread" [_thread_in_vm, id=3120, stack(0x0000000002990000,0x0000000002a90000)]

Stack: [0x0000000002990000,0x0000000002a90000]
[error occurred during error reporting (printing stack bounds), id 0xc0000005]

Native frames: (J=compiled Java code, j=interpreted, Vv=VM code, C=native code)


---------------  P R O C E S S  ---------------

Java Threads: ( => current thread )

Other Threads:

=>0x0000000002ace800 (exited) JavaThread "Unknown thread" [_thread_in_vm, id=3120, stack(0x0000000002990000,0x0000000002a90000)]

VM state:not at safepoint (normal execution)

VM Mutex/Monitor currently owned by a thread: None

Heap:
 PSYoungGen      total 37888K, used 655K [0x00000000d6200000, 0x00000000d8c00000, 0x0000000100000000)
  eden space 32768K, 2% used [0x00000000d6200000,0x00000000d62a3d80,0x00000000d8200000)
  from space 5120K, 0% used [0x00000000d8700000,0x00000000d8700000,0x00000000d8c00000)
  to   space 5120K, 0% used [0x00000000d8200000,0x00000000d8200000,0x00000000d8700000)
 ParOldGen       total 86016K, used 0K [0x0000000082600000, 0x0000000087a00000, 0x00000000d6200000)
  object space 86016K, 0% used [0x0000000082600000,0x0000000082600000,0x0000000087a00000)
 Metaspace       used 775K, capacity 4480K, committed 4480K, reserved 1056768K
  class space    used 76K, capacity 384K, committed 384K, reserved 1048576K

Card table byte_map: [0x00000000122f0000,0x00000000126e0000] byte_map_base: 0x0000000011edd000

Marking Bits: (ParMarkBitMap*) 0x0000000071712d00
 Begin Bits: [0x0000000013380000, 0x00000000152e8000)
 End Bits:   [0x00000000152e8000, 0x0000000017250000)

Polling page: 0x00000000007d0000

CodeCache: size=245760Kb used=328Kb max_used=328Kb free=245431Kb
 bounds [0x0000000002f30000, 0x00000000031a0000, 0x0000000011f30000]
 total_blobs=58 nmethods=0 adapters=38
 compilation: enabled

Compilation events (0 events):
No events

GC Heap History (0 events):
No events

Deoptimization events (0 events):
No events

Classes redefined (0 events):
No events

Internal exceptions (0 events):
No events

Events (10 events):
Event: 0.022 loading class java/lang/Short
Event: 0.022 loading class java/lang/Short done
Event: 0.022 loading class java/lang/Integer
Event: 0.022 loading class java/lang/Integer done
Event: 0.022 loading class java/lang/Long
Event: 0.022 loading class java/lang/Long done
Event: 0.022 loading class java/lang/NullPointerException
Event: 0.022 loading class java/lang/NullPointerException done
Event: 0.022 loading class java/lang/ArithmeticException
Event: 0.022 loading class java/lang/ArithmeticException done


Dynamic libraries:
0x00007ff7ed260000 - 0x00007ff7ed297000 	D:\java\jdk1.8\bin\javaw.exe
0x00007ffdae5c0000 - 0x00007ffdae7b0000 	C:\WINDOWS\SYSTEM32\ntdll.dll
0x00007ffdacf00000 - 0x00007ffdacfb2000 	C:\WINDOWS\System32\KERNEL32.DLL
0x00007ffdabfe0000 - 0x00007ffdac283000 	C:\WINDOWS\System32\KERNELBASE.dll
0x00007ffdacd80000 - 0x00007ffdace23000 	C:\WINDOWS\System32\ADVAPI32.dll
0x00007ffdad960000 - 0x00007ffdad9fe000 	C:\WINDOWS\System32\msvcrt.dll
0x00007ffdae250000 - 0x00007ffdae2e7000 	C:\WINDOWS\System32\sechost.dll
0x00007ffdacfe0000 - 0x00007ffdad100000 	C:\WINDOWS\System32\RPCRT4.dll
0x00007ffdada00000 - 0x00007ffdadb94000 	C:\WINDOWS\System32\USER32.dll
0x00007ffdabe60000 - 0x00007ffdabe81000 	C:\WINDOWS\System32\win32u.dll
0x00007ffdac950000 - 0x00007ffdac976000 	C:\WINDOWS\System32\GDI32.dll
0x00007ffdac360000 - 0x00007ffdac4f4000 	C:\WINDOWS\System32\gdi32full.dll
0x00007ffdac2c0000 - 0x00007ffdac35e000 	C:\WINDOWS\System32\msvcp_win.dll
0x00007ffdac570000 - 0x00007ffdac66a000 	C:\WINDOWS\System32\ucrtbase.dll
0x00007ffd98840000 - 0x00007ffd98ac5000 	C:\WINDOWS\WinSxS\amd64_microsoft.windows.common-controls_6595b64144ccf1df_6.0.18362.719_none_e6c7b883130c6729\COMCTL32.dll
0x00007ffdac980000 - 0x00007ffdaccb6000 	C:\WINDOWS\System32\combase.dll
0x00007ffdabde0000 - 0x00007ffdabe60000 	C:\WINDOWS\System32\bcryptPrimitives.dll
0x00007ffdac670000 - 0x00007ffdac69e000 	C:\WINDOWS\System32\IMM32.DLL
0x0000000070dc0000 - 0x0000000070e92000 	D:\java\jdk1.8\jre\bin\msvcr100.dll
0x0000000070ef0000 - 0x0000000071792000 	D:\java\jdk1.8\jre\bin\server\jvm.dll
0x00007ffdacd70000 - 0x00007ffdacd78000 	C:\WINDOWS\System32\PSAPI.DLL
0x00007ffda5c10000 - 0x00007ffda5c1a000 	C:\WINDOWS\SYSTEM32\VERSION.dll
0x00007ffda0d90000 - 0x00007ffda0db4000 	C:\WINDOWS\SYSTEM32\WINMM.dll
0x00007ffd9c0c0000 - 0x00007ffd9c0c9000 	C:\WINDOWS\SYSTEM32\WSOCK32.dll
0x00007ffdae430000 - 0x00007ffdae49f000 	C:\WINDOWS\System32\WS2_32.dll
0x00007ffda0d60000 - 0x00007ffda0d8d000 	C:\WINDOWS\SYSTEM32\winmmbase.dll
0x00007ffdac500000 - 0x00007ffdac54a000 	C:\WINDOWS\System32\cfgmgr32.dll
0x0000000073230000 - 0x000000007323f000 	D:\java\jdk1.8\jre\bin\verify.dll
0x0000000073200000 - 0x0000000073229000 	D:\java\jdk1.8\jre\bin\java.dll
0x00000000731e0000 - 0x00000000731f6000 	D:\java\jdk1.8\jre\bin\zip.dll

VM Arguments:
jvm_args: -Dfile.encoding=UTF-8 
java_command: com.norton.NettyStudy.netty.Server
java_class_path (initial): E:\Users\admin\eclipse-workspace\NettyStudy\target\classes;E:\Users\admin\apache-maven-3.6.3-bin\MavenRepository\io\netty\netty-all\4.1.9.Final\netty-all-4.1.9.Final.jar
Launcher Type: SUN_STANDARD

Environment Variables:
JAVA_HOME=D:\java\jdk1.8
USERNAME=Artificial Intellige
OS=Windows_NT
PROCESSOR_IDENTIFIER=Intel64 Family 6 Model 158 Stepping 10, GenuineIntel



---------------  S Y S T E M  ---------------

OS: Windows 10.0 , 64 bit Build 18362 (10.0.18362.329)

CPU:total 12 (initial active 12) (6 cores per cpu, 2 threads per core) family 6 model 158 stepping 10, cmov, cx8, fxsr, mmx, sse, sse2, sse3, ssse3, sse4.1, sse4.2, popcnt, avx, avx2, aes, clmul, erms, 3dnowpref, lzcnt, ht, tsc, tscinvbit, bmi1, bmi2, adx

Memory: 4k page, physical 8231820k(2692328k free), swap 8231820k(6036k free)

vm_info: Java HotSpot(TM) 64-Bit Server VM (25.181-b13) for windows-amd64 JRE (1.8.0_181-b13), built on Jul  7 2018 04:01:33 by "java_re" with MS VC++ 10.0 (VS2010)

time: Thu Mar 19 20:31:18 2020
elapsed time: 0 seconds (0d 0h 0m 0s)

